<?xml version="1.0" encoding="UTF-8"?>
<!-- Generated by org.testng.reporters.JUnitReportReporter -->
<testsuite skipped="0" hostname="INAIRLT541047" name="com.alfresco.adf_automation_qa.TestSettings" tests="1" failures="0" timestamp="10 Apr 2020 15:06:48 GMT" time="16.788" errors="0">
  <testcase name="selectValue" time="16.788" classname="com.alfresco.adf_automation_qa.TestSettings"/>
</testsuite> <!-- com.alfresco.adf_automation_qa.TestSettings -->
