<?xml version="1.0" encoding="UTF-8"?>
<!-- Generated by org.testng.reporters.JUnitReportReporter -->
<testsuite skipped="0" hostname="INAIRLT541047" name="com.alfresco.adf_automation_qa.TestADFDemo" tests="4" failures="0" timestamp="10 Apr 2020 20:46:50 GMT" time="25.702" errors="0">
  <testcase name="loginInECM" time="3.695" classname="com.alfresco.adf_automation_qa.TestADFDemo"/>
  <testcase name="deleteFolder" time="2.631" classname="com.alfresco.adf_automation_qa.TestADFDemo"/>
  <testcase name="createDuplicateFolder" time="7.468" classname="com.alfresco.adf_automation_qa.TestADFDemo"/>
  <testcase name="createFolder" time="11.908" classname="com.alfresco.adf_automation_qa.TestADFDemo"/>
</testsuite> <!-- com.alfresco.adf_automation_qa.TestADFDemo -->
